2023/08/10 21:25:33 [notice] 1#1: using the "epoll" event method
2023/08/10 21:25:33 [notice] 1#1: nginx/1.25.1
2023/08/10 21:25:33 [notice] 1#1: built by gcc 12.2.0 (Debian 12.2.0-14) 
2023/08/10 21:25:33 [notice] 1#1: OS: Linux 5.19.0-1029-aws
2023/08/10 21:25:33 [notice] 1#1: getrlimit(RLIMIT_NOFILE): 1048576:1048576
2023/08/10 21:25:33 [notice] 1#1: start worker processes
2023/08/10 21:25:33 [notice] 1#1: start worker process 20
2023/08/10 21:27:49 [notice] 1#1: signal 3 (SIGQUIT) received, shutting down
2023/08/10 21:27:49 [notice] 20#20: gracefully shutting down
2023/08/10 21:27:49 [notice] 20#20: exiting
2023/08/10 21:27:49 [notice] 20#20: exit
2023/08/10 21:27:49 [notice] 1#1: signal 17 (SIGCHLD) received from 20
2023/08/10 21:27:49 [notice] 1#1: worker process 20 exited with code 0
2023/08/10 21:27:49 [notice] 1#1: exit
2023/08/10 21:28:52 [notice] 1#1: using the "epoll" event method
2023/08/10 21:28:52 [notice] 1#1: nginx/1.25.1
2023/08/10 21:28:52 [notice] 1#1: built by gcc 12.2.0 (Debian 12.2.0-14) 
2023/08/10 21:28:52 [notice] 1#1: OS: Linux 5.19.0-1029-aws
2023/08/10 21:28:52 [notice] 1#1: getrlimit(RLIMIT_NOFILE): 1048576:1048576
2023/08/10 21:28:52 [notice] 1#1: start worker processes
2023/08/10 21:28:52 [notice] 1#1: start worker process 20
2023/08/10 21:31:35 [notice] 1#1: signal 3 (SIGQUIT) received, shutting down
2023/08/10 21:31:35 [notice] 20#20: gracefully shutting down
2023/08/10 21:31:35 [notice] 20#20: exiting
2023/08/10 21:31:35 [notice] 20#20: exit
2023/08/10 21:31:35 [notice] 1#1: signal 17 (SIGCHLD) received from 20
2023/08/10 21:31:35 [notice] 1#1: worker process 20 exited with code 0
2023/08/10 21:31:35 [notice] 1#1: exit
2023/08/10 21:32:34 [notice] 1#1: using the "epoll" event method
2023/08/10 21:32:34 [notice] 1#1: nginx/1.25.1
2023/08/10 21:32:34 [notice] 1#1: built by gcc 12.2.0 (Debian 12.2.0-14) 
2023/08/10 21:32:34 [notice] 1#1: OS: Linux 5.19.0-1029-aws
2023/08/10 21:32:34 [notice] 1#1: getrlimit(RLIMIT_NOFILE): 1048576:1048576
2023/08/10 21:32:34 [notice] 1#1: start worker processes
2023/08/10 21:32:34 [notice] 1#1: start worker process 20
2023/08/10 21:33:09 [notice] 1#1: signal 3 (SIGQUIT) received, shutting down
2023/08/10 21:33:09 [notice] 20#20: gracefully shutting down
2023/08/10 21:33:09 [notice] 20#20: exiting
2023/08/10 21:33:09 [notice] 20#20: exit
2023/08/10 21:33:09 [notice] 1#1: signal 17 (SIGCHLD) received from 20
2023/08/10 21:33:09 [notice] 1#1: worker process 20 exited with code 0
2023/08/10 21:33:09 [notice] 1#1: exit
2023/08/10 21:33:12 [notice] 1#1: using the "epoll" event method
2023/08/10 21:33:12 [notice] 1#1: nginx/1.25.1
2023/08/10 21:33:12 [notice] 1#1: built by gcc 12.2.0 (Debian 12.2.0-14) 
2023/08/10 21:33:12 [notice] 1#1: OS: Linux 5.19.0-1029-aws
2023/08/10 21:33:12 [notice] 1#1: getrlimit(RLIMIT_NOFILE): 1048576:1048576
2023/08/10 21:33:12 [notice] 1#1: start worker processes
2023/08/10 21:33:12 [notice] 1#1: start worker process 19
2023/08/10 21:33:35 [notice] 1#1: signal 3 (SIGQUIT) received, shutting down
2023/08/10 21:33:35 [notice] 19#19: gracefully shutting down
2023/08/10 21:33:35 [notice] 19#19: exiting
2023/08/10 21:33:35 [notice] 19#19: exit
2023/08/10 21:33:35 [notice] 1#1: signal 17 (SIGCHLD) received from 19
2023/08/10 21:33:35 [notice] 1#1: worker process 19 exited with code 0
2023/08/10 21:33:35 [notice] 1#1: exit
2023/08/10 21:33:37 [notice] 1#1: using the "epoll" event method
2023/08/10 21:33:37 [notice] 1#1: nginx/1.25.1
2023/08/10 21:33:37 [notice] 1#1: built by gcc 12.2.0 (Debian 12.2.0-14) 
2023/08/10 21:33:37 [notice] 1#1: OS: Linux 5.19.0-1029-aws
2023/08/10 21:33:37 [notice] 1#1: getrlimit(RLIMIT_NOFILE): 1048576:1048576
2023/08/10 21:33:37 [notice] 1#1: start worker processes
2023/08/10 21:33:37 [notice] 1#1: start worker process 19
2023/08/10 21:43:34 [notice] 1#1: signal 3 (SIGQUIT) received, shutting down
2023/08/10 21:43:34 [notice] 19#19: gracefully shutting down
2023/08/10 21:43:34 [notice] 19#19: exiting
2023/08/10 21:43:34 [notice] 19#19: exit
2023/08/10 21:43:34 [notice] 1#1: signal 17 (SIGCHLD) received from 19
2023/08/10 21:43:34 [notice] 1#1: worker process 19 exited with code 0
2023/08/10 21:43:34 [notice] 1#1: exit
2023/08/10 21:56:13 [notice] 1#1: using the "epoll" event method
2023/08/10 21:56:13 [notice] 1#1: nginx/1.25.1
2023/08/10 21:56:13 [notice] 1#1: built by gcc 12.2.0 (Debian 12.2.0-14) 
2023/08/10 21:56:13 [notice] 1#1: OS: Linux 5.19.0-1029-aws
2023/08/10 21:56:13 [notice] 1#1: getrlimit(RLIMIT_NOFILE): 1048576:1048576
2023/08/10 21:56:13 [notice] 1#1: start worker processes
2023/08/10 21:56:13 [notice] 1#1: start worker process 20
2023/08/10 23:13:46 [notice] 1#1: signal 3 (SIGQUIT) received, shutting down
2023/08/10 23:13:46 [notice] 20#20: gracefully shutting down
2023/08/10 23:13:46 [notice] 20#20: exiting
2023/08/10 23:13:46 [notice] 20#20: exit
2023/08/10 23:13:46 [notice] 1#1: signal 17 (SIGCHLD) received from 20
2023/08/10 23:13:46 [notice] 1#1: worker process 20 exited with code 0
2023/08/10 23:13:46 [notice] 1#1: exit
2023/08/10 23:13:49 [notice] 1#1: using the "epoll" event method
2023/08/10 23:13:49 [notice] 1#1: nginx/1.25.1
2023/08/10 23:13:49 [notice] 1#1: built by gcc 12.2.0 (Debian 12.2.0-14) 
2023/08/10 23:13:49 [notice] 1#1: OS: Linux 5.19.0-1029-aws
2023/08/10 23:13:49 [notice] 1#1: getrlimit(RLIMIT_NOFILE): 1048576:1048576
2023/08/10 23:13:49 [notice] 1#1: start worker processes
2023/08/10 23:13:49 [notice] 1#1: start worker process 20
2023/08/10 23:18:37 [notice] 1#1: signal 3 (SIGQUIT) received, shutting down
2023/08/10 23:18:37 [notice] 20#20: gracefully shutting down
2023/08/10 23:18:37 [notice] 20#20: exiting
2023/08/10 23:18:37 [notice] 20#20: exit
2023/08/10 23:18:37 [notice] 1#1: signal 17 (SIGCHLD) received from 20
2023/08/10 23:18:37 [notice] 1#1: worker process 20 exited with code 0
2023/08/10 23:18:37 [notice] 1#1: exit
2023/08/10 23:19:16 [notice] 1#1: using the "epoll" event method
2023/08/10 23:19:16 [notice] 1#1: nginx/1.25.1
2023/08/10 23:19:16 [notice] 1#1: built by gcc 12.2.0 (Debian 12.2.0-14) 
2023/08/10 23:19:16 [notice] 1#1: OS: Linux 5.19.0-1029-aws
2023/08/10 23:19:16 [notice] 1#1: getrlimit(RLIMIT_NOFILE): 1048576:1048576
2023/08/10 23:19:16 [notice] 1#1: start worker processes
2023/08/10 23:19:16 [notice] 1#1: start worker process 20
2023/08/10 23:21:21 [notice] 1#1: signal 3 (SIGQUIT) received, shutting down
2023/08/10 23:21:21 [notice] 20#20: gracefully shutting down
2023/08/10 23:21:21 [notice] 20#20: exiting
2023/08/10 23:21:21 [notice] 20#20: exit
2023/08/10 23:21:21 [notice] 1#1: signal 17 (SIGCHLD) received from 20
2023/08/10 23:21:21 [notice] 1#1: worker process 20 exited with code 0
2023/08/10 23:21:21 [notice] 1#1: exit
2023/08/11 17:18:15 [notice] 1#1: using the "epoll" event method
2023/08/11 17:18:15 [notice] 1#1: nginx/1.25.1
2023/08/11 17:18:15 [notice] 1#1: built by gcc 12.2.0 (Debian 12.2.0-14) 
2023/08/11 17:18:15 [notice] 1#1: OS: Linux 5.19.0-1029-aws
2023/08/11 17:18:15 [notice] 1#1: getrlimit(RLIMIT_NOFILE): 1048576:1048576
2023/08/11 17:18:15 [notice] 1#1: start worker processes
2023/08/11 17:18:15 [notice] 1#1: start worker process 19
2023/08/11 18:43:49 [notice] 1#1: signal 3 (SIGQUIT) received, shutting down
2023/08/11 18:43:49 [notice] 19#19: gracefully shutting down
2023/08/11 18:43:49 [notice] 19#19: exiting
2023/08/11 18:43:49 [notice] 19#19: exit
2023/08/11 18:43:49 [notice] 1#1: signal 17 (SIGCHLD) received from 19
2023/08/11 18:43:49 [notice] 1#1: worker process 19 exited with code 0
2023/08/11 18:43:49 [notice] 1#1: exit
2023/08/11 18:43:51 [emerg] 1#1: cannot load certificate "/etc/traefik/acme/acme.json": BIO_new_file() failed (SSL: error:80000002:system library::No such file or directory:calling fopen(/etc/traefik/acme/acme.json, r) error:10000080:BIO routines::no such file)
2023/08/11 18:44:20 [notice] 1#1: using the "epoll" event method
2023/08/11 18:44:20 [notice] 1#1: nginx/1.25.1
2023/08/11 18:44:20 [notice] 1#1: built by gcc 12.2.0 (Debian 12.2.0-14) 
2023/08/11 18:44:20 [notice] 1#1: OS: Linux 5.19.0-1029-aws
2023/08/11 18:44:20 [notice] 1#1: getrlimit(RLIMIT_NOFILE): 1048576:1048576
2023/08/11 18:44:20 [notice] 1#1: start worker processes
2023/08/11 18:44:20 [notice] 1#1: start worker process 19
2023/08/11 18:45:59 [notice] 1#1: signal 3 (SIGQUIT) received, shutting down
2023/08/11 18:45:59 [notice] 19#19: gracefully shutting down
2023/08/11 18:45:59 [notice] 19#19: exiting
2023/08/11 18:45:59 [notice] 19#19: exit
2023/08/11 18:45:59 [notice] 1#1: signal 17 (SIGCHLD) received from 19
2023/08/11 18:45:59 [notice] 1#1: worker process 19 exited with code 0
2023/08/11 18:45:59 [notice] 1#1: exit
2023/08/11 18:46:00 [emerg] 1#1: cannot load certificate "/etc/traefik/acme/acme.json": BIO_new_file() failed (SSL: error:80000002:system library::No such file or directory:calling fopen(/etc/traefik/acme/acme.json, r) error:10000080:BIO routines::no such file)
2023/08/11 18:47:06 [emerg] 1#1: cannot load certificate "/etc/traefik/acme/acme.json": BIO_new_file() failed (SSL: error:80000002:system library::No such file or directory:calling fopen(/etc/traefik/acme/acme.json, r) error:10000080:BIO routines::no such file)
2023/08/11 18:47:48 [emerg] 1#1: no "ssl_certificate" is defined for the "listen ... ssl" directive in /etc/nginx/conf.d/nginx.conf:41
2023/08/11 18:48:37 [notice] 1#1: using the "epoll" event method
2023/08/11 18:48:37 [notice] 1#1: nginx/1.25.1
2023/08/11 18:48:37 [notice] 1#1: built by gcc 12.2.0 (Debian 12.2.0-14) 
2023/08/11 18:48:37 [notice] 1#1: OS: Linux 5.19.0-1029-aws
2023/08/11 18:48:37 [notice] 1#1: getrlimit(RLIMIT_NOFILE): 1048576:1048576
2023/08/11 18:48:37 [notice] 1#1: start worker processes
2023/08/11 18:48:37 [notice] 1#1: start worker process 19
2023/08/11 18:51:01 [notice] 1#1: signal 3 (SIGQUIT) received, shutting down
2023/08/11 18:51:01 [notice] 19#19: gracefully shutting down
2023/08/11 18:51:01 [notice] 19#19: exiting
2023/08/11 18:51:01 [notice] 19#19: exit
2023/08/11 18:51:01 [notice] 1#1: signal 17 (SIGCHLD) received from 19
2023/08/11 18:51:01 [notice] 1#1: worker process 19 exited with code 0
2023/08/11 18:51:01 [notice] 1#1: exit
2023/08/11 23:12:28 [notice] 1#1: using the "epoll" event method
2023/08/11 23:12:28 [notice] 1#1: nginx/1.25.1
2023/08/11 23:12:28 [notice] 1#1: built by gcc 12.2.0 (Debian 12.2.0-14) 
2023/08/11 23:12:28 [notice] 1#1: OS: Linux 5.19.0-1029-aws
2023/08/11 23:12:28 [notice] 1#1: getrlimit(RLIMIT_NOFILE): 1048576:1048576
2023/08/11 23:12:28 [notice] 1#1: start worker processes
2023/08/11 23:12:28 [notice] 1#1: start worker process 20
2023/08/11 23:13:14 [notice] 1#1: signal 3 (SIGQUIT) received, shutting down
2023/08/11 23:13:14 [notice] 20#20: gracefully shutting down
2023/08/11 23:13:14 [notice] 20#20: exiting
2023/08/11 23:13:14 [notice] 20#20: exit
2023/08/11 23:13:14 [notice] 1#1: signal 17 (SIGCHLD) received from 20
2023/08/11 23:13:14 [notice] 1#1: worker process 20 exited with code 0
2023/08/11 23:13:14 [notice] 1#1: exit
2023/08/11 23:13:17 [notice] 1#1: using the "epoll" event method
2023/08/11 23:13:17 [notice] 1#1: nginx/1.25.1
2023/08/11 23:13:17 [notice] 1#1: built by gcc 12.2.0 (Debian 12.2.0-14) 
2023/08/11 23:13:17 [notice] 1#1: OS: Linux 5.19.0-1029-aws
2023/08/11 23:13:17 [notice] 1#1: getrlimit(RLIMIT_NOFILE): 1048576:1048576
2023/08/11 23:13:17 [notice] 1#1: start worker processes
2023/08/11 23:13:17 [notice] 1#1: start worker process 20
2023/08/11 23:21:54 [notice] 1#1: signal 3 (SIGQUIT) received, shutting down
2023/08/11 23:21:54 [notice] 20#20: gracefully shutting down
2023/08/11 23:21:54 [notice] 20#20: exiting
2023/08/11 23:21:54 [notice] 20#20: exit
2023/08/11 23:21:54 [notice] 1#1: signal 17 (SIGCHLD) received from 20
2023/08/11 23:21:54 [notice] 1#1: worker process 20 exited with code 0
2023/08/11 23:21:54 [notice] 1#1: exit
2023/08/11 23:21:58 [notice] 1#1: using the "epoll" event method
2023/08/11 23:21:58 [notice] 1#1: nginx/1.25.1
2023/08/11 23:21:58 [notice] 1#1: built by gcc 12.2.0 (Debian 12.2.0-14) 
2023/08/11 23:21:58 [notice] 1#1: OS: Linux 5.19.0-1029-aws
2023/08/11 23:21:58 [notice] 1#1: getrlimit(RLIMIT_NOFILE): 1048576:1048576
2023/08/11 23:21:58 [notice] 1#1: start worker processes
2023/08/11 23:21:58 [notice] 1#1: start worker process 20
2023/08/11 23:22:22 [notice] 1#1: signal 3 (SIGQUIT) received, shutting down
2023/08/11 23:22:22 [notice] 20#20: gracefully shutting down
2023/08/11 23:22:22 [notice] 20#20: exiting
2023/08/11 23:22:22 [notice] 20#20: exit
2023/08/11 23:22:22 [notice] 1#1: signal 17 (SIGCHLD) received from 20
2023/08/11 23:22:22 [notice] 1#1: worker process 20 exited with code 0
2023/08/11 23:22:22 [notice] 1#1: exit
2023/08/11 23:25:56 [notice] 1#1: using the "epoll" event method
2023/08/11 23:25:56 [notice] 1#1: nginx/1.25.1
2023/08/11 23:25:56 [notice] 1#1: built by gcc 12.2.0 (Debian 12.2.0-14) 
2023/08/11 23:25:56 [notice] 1#1: OS: Linux 5.19.0-1029-aws
2023/08/11 23:25:56 [notice] 1#1: getrlimit(RLIMIT_NOFILE): 1048576:1048576
2023/08/11 23:25:56 [notice] 1#1: start worker processes
2023/08/11 23:25:56 [notice] 1#1: start worker process 20
2023/08/12 03:37:49 [notice] 1#1: signal 3 (SIGQUIT) received, shutting down
2023/08/12 03:37:49 [notice] 20#20: gracefully shutting down
2023/08/12 03:37:49 [notice] 20#20: exiting
2023/08/12 03:37:49 [notice] 20#20: exit
2023/08/12 03:37:49 [notice] 1#1: signal 17 (SIGCHLD) received from 20
2023/08/12 03:37:49 [notice] 1#1: worker process 20 exited with code 0
2023/08/12 03:37:49 [notice] 1#1: exit
2023/08/12 03:37:51 [notice] 1#1: using the "epoll" event method
2023/08/12 03:37:51 [notice] 1#1: nginx/1.25.1
2023/08/12 03:37:51 [notice] 1#1: built by gcc 12.2.0 (Debian 12.2.0-14) 
2023/08/12 03:37:51 [notice] 1#1: OS: Linux 5.19.0-1029-aws
2023/08/12 03:37:51 [notice] 1#1: getrlimit(RLIMIT_NOFILE): 1048576:1048576
2023/08/12 03:37:51 [notice] 1#1: start worker processes
2023/08/12 03:37:51 [notice] 1#1: start worker process 19
2023/08/12 03:39:08 [notice] 1#1: signal 3 (SIGQUIT) received, shutting down
2023/08/12 03:39:08 [notice] 19#19: gracefully shutting down
2023/08/12 03:39:08 [notice] 19#19: exiting
2023/08/12 03:39:08 [notice] 19#19: exit
2023/08/12 03:39:08 [notice] 1#1: signal 17 (SIGCHLD) received from 19
2023/08/12 03:39:08 [notice] 1#1: worker process 19 exited with code 0
2023/08/12 03:39:08 [notice] 1#1: exit
2023/08/12 03:41:15 [notice] 1#1: using the "epoll" event method
2023/08/12 03:41:15 [notice] 1#1: nginx/1.25.1
2023/08/12 03:41:15 [notice] 1#1: built by gcc 12.2.0 (Debian 12.2.0-14) 
2023/08/12 03:41:15 [notice] 1#1: OS: Linux 5.19.0-1029-aws
2023/08/12 03:41:15 [notice] 1#1: getrlimit(RLIMIT_NOFILE): 1048576:1048576
2023/08/12 03:41:15 [notice] 1#1: start worker processes
2023/08/12 03:41:15 [notice] 1#1: start worker process 20
2023/08/12 03:49:51 [notice] 1#1: signal 3 (SIGQUIT) received, shutting down
2023/08/12 03:49:51 [notice] 20#20: gracefully shutting down
2023/08/12 03:49:51 [notice] 20#20: exiting
2023/08/12 03:49:51 [notice] 20#20: exit
2023/08/12 03:49:51 [notice] 1#1: signal 17 (SIGCHLD) received from 20
2023/08/12 03:49:51 [notice] 1#1: worker process 20 exited with code 0
2023/08/12 03:49:51 [notice] 1#1: exit
2023/08/12 03:53:54 [notice] 1#1: using the "epoll" event method
2023/08/12 03:53:54 [notice] 1#1: nginx/1.25.1
2023/08/12 03:53:54 [notice] 1#1: built by gcc 12.2.0 (Debian 12.2.0-14) 
2023/08/12 03:53:54 [notice] 1#1: OS: Linux 5.19.0-1029-aws
2023/08/12 03:53:54 [notice] 1#1: getrlimit(RLIMIT_NOFILE): 1048576:1048576
2023/08/12 03:53:54 [notice] 1#1: start worker processes
2023/08/12 03:53:54 [notice] 1#1: start worker process 20
2023/08/12 03:59:19 [notice] 1#1: signal 3 (SIGQUIT) received, shutting down
2023/08/12 03:59:19 [notice] 20#20: gracefully shutting down
2023/08/12 03:59:19 [notice] 20#20: exiting
2023/08/12 03:59:19 [notice] 20#20: exit
2023/08/12 03:59:19 [notice] 1#1: signal 17 (SIGCHLD) received from 20
2023/08/12 03:59:19 [notice] 1#1: worker process 20 exited with code 0
2023/08/12 03:59:19 [notice] 1#1: exit
